09:18:39 **** Build of configuration Nios II for project bladerf_app ****
wsl make all 
Info: Building ../bladerf_lib
make --no-print-directory -C ../bladerf_lib
Info: Building ../bladerf_pll_bsp
make --no-print-directory -C ../bladerf_pll_bsp
[BSP build complete]
cp -f obj/default/libbladerf_lib.a libbladerf_lib.a
Info: Building ../adf5610_lib
make --no-print-directory -C ../adf5610_lib
Info: Building ../bladerf_pll_bsp/
make --no-print-directory -C ../bladerf_pll_bsp/
[BSP build complete]
cp -f obj/default/libadf5610_lib.a libadf5610_lib.a
Info: Building ../bladerf_pll_bsp
make --no-print-directory -C ../bladerf_pll_bsp
[BSP build complete]
Info: Compiling main.cpp to obj/default/main.o
nios2-elf-gcc.exe -xc++ -MP -MMD -c -I../bladerf_pll_bsp/HAL/inc -I../bladerf_pll_bsp -I../bladerf_pll_bsp/drivers/inc -I../bladerf_lib -I../adf5610_lib  -pipe -D__hal__ -DALT_NO_INSTRUCTION_EMULATION -DALT_SINGLE_THREADED    -DNIOS_BUILD  -O0 -g -Wall   -mno-hw-div -mno-hw-mul -mno-hw-mulx -mgpopt=global  -o obj/default/main.o main.cpp
Info: Linking bladerf_app.elf
nios2-elf-g++.exe  -T'../bladerf_pll_bsp/linker.x' -msys-crt0='../bladerf_pll_bsp/obj/HAL/src/crt0.o' -msys-lib=hal_bsp -L../bladerf_lib -L../adf5610_lib -L../bladerf_pll_bsp -L../bladerf_lib -L../adf5610_lib   -Wl,-Map=bladerf_app.map -DNIOS_BUILD  -O0 -g -Wall   -mno-hw-div -mno-hw-mul -mno-hw-mulx -mgpopt=global  -o bladerf_app.elf obj/default/main.o -lbladerf_lib -ladf5610_lib -lm -lbladerf_lib -ladf5610_lib -msys-lib=m
nios2-elf-insert.exe bladerf_app.elf --thread_model hal --cpu_name nios2 --qsys true --simulation_enabled false --stderr_dev jtag_uart --stdin_dev jtag_uart --stdout_dev jtag_uart --sopc_system_name nios_cpu
Unable to determine program-size.
Info: Creating bladerf_app.objdump
nios2-elf-objdump.exe --disassemble --syms --all-header bladerf_app.elf >bladerf_app.objdump
[bladerf_app build complete]

09:18:44 Build Finished (took 4s.814ms)

