09:18:34 **** Build of configuration Nios II for project bladerf_lib ****
wsl make all 
Info: Building ../bladerf_pll_bsp
make --no-print-directory -C ../bladerf_pll_bsp
[BSP build complete]
Info: Compiling BLADERFDEVICES.cpp to obj/default/BLADERFDEVICES.o
nios2-elf-gcc.exe -xc++ -MP -MMD -c -I../bladerf_pll_bsp/HAL/inc -I../bladerf_pll_bsp -I../bladerf_pll_bsp/drivers/inc  -pipe -D__hal__ -DALT_NO_INSTRUCTION_EMULATION -DALT_SINGLE_THREADED      -O0 -g -Wall   -mno-hw-div -mno-hw-mul -mno-hw-mulx -mgpopt=global  -o obj/default/BLADERFDEVICES.o BLADERFDEVICES.cpp
Info: Compiling VCTCXOTAMERCLASS.cpp to obj/default/VCTCXOTAMERCLASS.o
nios2-elf-gcc.exe -xc++ -MP -MMD -c -I../bladerf_pll_bsp/HAL/inc -I../bladerf_pll_bsp -I../bladerf_pll_bsp/drivers/inc  -pipe -D__hal__ -DALT_NO_INSTRUCTION_EMULATION -DALT_SINGLE_THREADED      -O0 -g -Wall   -mno-hw-div -mno-hw-mul -mno-hw-mulx -mgpopt=global  -o obj/default/VCTCXOTAMERCLASS.o VCTCXOTAMERCLASS.cpp
VCTCXOTAMERCLASS.cpp: In constructor 'VCTCXO_TAMER_CLASS::VCTCXO_TAMER_CLASS()':
VCTCXOTAMERCLASS.cpp:58:11: warning: converting to non-pointer type 'uint32_t' {aka 'long unsigned int'} from NULL [-Wconversion-null]
   58 |   base  = NULL;
      |           ^~~~
VCTCXOTAMERCLASS.cpp: In member function 'void VCTCXO_TAMER_CLASS::vctcxo_trim_dac_write(uint8_t, uint16_t)':
VCTCXOTAMERCLASS.cpp:314:20: warning: narrowing conversion of '((((int)val) >> 8) & 255)' from 'int' to 'uint8_t' {aka 'unsigned char'} [-Wnarrowing]
  314 |         (val >> 8) & 0xff,
      |         ~~~~~~~~~~~^~~~~~
VCTCXOTAMERCLASS.cpp:315:13: warning: narrowing conversion of '(int)(((short unsigned int)((int)val)) & 255)' from 'int' to 'uint8_t' {aka 'unsigned char'} [-Wnarrowing]
  315 |         val & 0xff,
      |         ~~~~^~~~~~
VCTCXOTAMERCLASS.cpp: In member function 'void VCTCXO_TAMER_CLASS::ad56x1_vctcxo_trim_dac_write(uint16_t)':
VCTCXOTAMERCLASS.cpp:337:20: warning: narrowing conversion of '((((int)val) >> 8) & 255)' from 'int' to 'uint8_t' {aka 'unsigned char'} [-Wnarrowing]
  337 |         (val >> 8) & 0xff,
      |         ~~~~~~~~~~~^~~~~~
VCTCXOTAMERCLASS.cpp:338:13: warning: narrowing conversion of '(int)(((short unsigned int)((int)val)) & 255)' from 'int' to 'uint8_t' {aka 'unsigned char'} [-Wnarrowing]
  338 |         val & 0xff,
      |         ~~~~^~~~~~
VCTCXOTAMERCLASS.cpp: At global scope:
VCTCXOTAMERCLASS.cpp:19:14: warning: 'void vctcxo_tamer_isr(void*)' defined but not used [-Wunused-function]
   19 |  static void vctcxo_tamer_isr(void *context)
      |              ^~~~~~~~~~~~~~~~
Info: Archiving obj/default/libbladerf_lib.a
rm -f obj/default/libbladerf_lib.a
mkdir -p obj/default
nios2-elf-ar.exe  -src obj/default/libbladerf_lib.a obj/default/BLADERFDEVICES.o obj/default/VCTCXOTAMERCLASS.o
cp -f obj/default/libbladerf_lib.a libbladerf_lib.a

09:18:36 Build Finished (took 2s.193ms)

