Flow report for bladerf_micro
Tue Mar 02 06:05:26 2021
Quartus Prime Version 20.1.0 Build 711 06/05/2020 SJ Lite Edition


---------------------
; Table of Contents ;
---------------------
  1. Legal Notice
  2. Flow Summary
  3. Flow Settings
  4. Flow Non-Default Global Settings
  5. Flow Elapsed Time
  6. Flow OS Summary
  7. Flow Log
  8. Flow Messages
  9. Flow Suppressed Messages



----------------
; Legal Notice ;
----------------
Copyright (C) 2020  Intel Corporation. All rights reserved.
Your use of Intel Corporation's design tools, logic functions 
and other software and tools, and any partner logic 
functions, and any output files from any of the foregoing 
(including device programming or simulation files), and any 
associated documentation or information are expressly subject 
to the terms and conditions of the Intel Program License 
Subscription Agreement, the Intel Quartus Prime License Agreement,
the Intel FPGA IP License Agreement, or other applicable license
agreement, including, without limitation, that your use is for
the sole purpose of programming logic devices manufactured by
Intel and sold by Intel or its authorized distributors.  Please
refer to the applicable agreement for further details, at
https://fpgasoftware.intel.com/eula.



+-------------------------------------------------------------------------------+
; Flow Summary                                                                  ;
+---------------------------------+---------------------------------------------+
; Flow Status                     ; Successful - Tue Mar 02 06:05:10 2021       ;
; Quartus Prime Version           ; 20.1.0 Build 711 06/05/2020 SJ Lite Edition ;
; Revision Name                   ; bladerf_micro                               ;
; Top-level Entity Name           ; bladerf_micro                               ;
; Family                          ; Cyclone V                                   ;
; Device                          ; 5CEBA4F23C8                                 ;
; Timing Models                   ; Final                                       ;
; Logic utilization (in ALMs)     ; 713 / 18,480 ( 4 % )                        ;
; Total registers                 ; 958                                         ;
; Total pins                      ; 96 / 224 ( 43 % )                           ;
; Total virtual pins              ; 0                                           ;
; Total block memory bits         ; 1,059,840 / 3,153,920 ( 34 % )              ;
; Total DSP Blocks                ; 0 / 66 ( 0 % )                              ;
; Total HSSI RX PCSs              ; 0                                           ;
; Total HSSI PMA RX Deserializers ; 0                                           ;
; Total HSSI TX PCSs              ; 0                                           ;
; Total HSSI PMA TX Serializers   ; 0                                           ;
; Total PLLs                      ; 0 / 4 ( 0 % )                               ;
; Total DLLs                      ; 0 / 4 ( 0 % )                               ;
+---------------------------------+---------------------------------------------+


+-----------------------------------------+
; Flow Settings                           ;
+-------------------+---------------------+
; Option            ; Setting             ;
+-------------------+---------------------+
; Start date & time ; 03/02/2021 06:02:56 ;
; Main task         ; Compilation         ;
; Revision Name     ; bladerf_micro       ;
+-------------------+---------------------+


+----------------------------------------------------------------------------------------------------------------------------------------------------------------------------------------------------------------------------------------------------+
; Flow Non-Default Global Settings                                                                                                                                                                                                                   ;
+-------------------------------------+-------------------------------------------------------------------------------------------------------------------------------------------------------------------+---------------+-------------+------------+
; Assignment Name                     ; Value                                                                                                                                                             ; Default Value ; Entity Name ; Section Id ;
+-------------------------------------+-------------------------------------------------------------------------------------------------------------------------------------------------------------------+---------------+-------------+------------+
; COMPILER_SIGNATURE_ID               ; 172056107148978.161466137617292                                                                                                                                   ; --            ; --          ; --         ;
; IP_SEARCH_PATHS                     ; c:\users\gmateusdp\documents\trobina\development\software\bladerf\fpga\ip\opencores\i2c;c:\users\gmateusdp\documents\trobina\development\software\bladerf\fpga\ip ; --            ; --          ; --         ;
; MAX_CORE_JUNCTION_TEMP              ; 85                                                                                                                                                                ; --            ; --          ; --         ;
; MIN_CORE_JUNCTION_TEMP              ; 0                                                                                                                                                                 ; --            ; --          ; --         ;
; MISC_FILE                           ; nios_cpu/synthesis/../nios_cpu.cmp                                                                                                                                ; --            ; --          ; --         ;
; MISC_FILE                           ; nios_cpu/synthesis/../../nios_cpu.qsys                                                                                                                            ; --            ; --          ; --         ;
; PARTITION_COLOR                     ; -- (Not supported for targeted family)                                                                                                                            ; --            ; --          ; Top        ;
; PARTITION_FITTER_PRESERVATION_LEVEL ; -- (Not supported for targeted family)                                                                                                                            ; --            ; --          ; Top        ;
; PARTITION_NETLIST_TYPE              ; -- (Not supported for targeted family)                                                                                                                            ; --            ; --          ; Top        ;
; POWER_BOARD_THERMAL_MODEL           ; None (CONSERVATIVE)                                                                                                                                               ; --            ; --          ; --         ;
; POWER_PRESET_COOLING_SOLUTION       ; 23 MM HEAT SINK WITH 200 LFPM AIRFLOW                                                                                                                             ; --            ; --          ; --         ;
; PROJECT_OUTPUT_DIRECTORY            ; output_files                                                                                                                                                      ; --            ; --          ; --         ;
; SLD_FILE                            ; nios_cpu/synthesis/nios_cpu.regmap                                                                                                                                ; --            ; --          ; --         ;
; SLD_FILE                            ; nios_cpu/synthesis/nios_cpu.debuginfo                                                                                                                             ; --            ; --          ; --         ;
; SLD_INFO                            ; QSYS_NAME nios_cpu HAS_SOPCINFO 1 GENERATION_ID 1614538607                                                                                                        ; --            ; nios_cpu    ; --         ;
; SOPCINFO_FILE                       ; nios_cpu/synthesis/../../nios_cpu.sopcinfo                                                                                                                        ; --            ; --          ; --         ;
; SYNTHESIS_ONLY_QIP                  ; On                                                                                                                                                                ; --            ; --          ; --         ;
+-------------------------------------+-------------------------------------------------------------------------------------------------------------------------------------------------------------------+---------------+-------------+------------+


+--------------------------------------------------------------------------------------------------------------------------+
; Flow Elapsed Time                                                                                                        ;
+----------------------+--------------+-------------------------+---------------------+------------------------------------+
; Module Name          ; Elapsed Time ; Average Processors Used ; Peak Virtual Memory ; Total CPU Time (on all processors) ;
+----------------------+--------------+-------------------------+---------------------+------------------------------------+
; Analysis & Synthesis ; 00:00:32     ; 1.0                     ; 4981 MB             ; 00:00:46                           ;
; Fitter               ; 00:01:30     ; 1.1                     ; 6515 MB             ; 00:04:34                           ;
; Assembler            ; 00:00:05     ; 1.0                     ; 4855 MB             ; 00:00:05                           ;
; Timing Analyzer      ; 00:00:14     ; 1.5                     ; 5239 MB             ; 00:00:19                           ;
; Total                ; 00:02:21     ; --                      ; --                  ; 00:05:44                           ;
+----------------------+--------------+-------------------------+---------------------+------------------------------------+


+------------------------------------------------------------------------------------+
; Flow OS Summary                                                                    ;
+----------------------+------------------+------------+------------+----------------+
; Module Name          ; Machine Hostname ; OS Name    ; OS Version ; Processor type ;
+----------------------+------------------+------------+------------+----------------+
; Analysis & Synthesis ; DESKTOP-7SD1LJN  ; Windows 10 ; 10.0       ; x86_64         ;
; Fitter               ; DESKTOP-7SD1LJN  ; Windows 10 ; 10.0       ; x86_64         ;
; Assembler            ; DESKTOP-7SD1LJN  ; Windows 10 ; 10.0       ; x86_64         ;
; Timing Analyzer      ; DESKTOP-7SD1LJN  ; Windows 10 ; 10.0       ; x86_64         ;
+----------------------+------------------+------------+------------+----------------+


------------
; Flow Log ;
------------
quartus_map --read_settings_files=on --write_settings_files=off bladerf_micro -c bladerf_micro
quartus_fit --read_settings_files=off --write_settings_files=off bladerf_micro -c bladerf_micro
quartus_asm --read_settings_files=off --write_settings_files=off bladerf_micro -c bladerf_micro
quartus_sta bladerf_micro -c bladerf_micro



